<fileupload size="27522166">
  <file name="Archive.zip" tmpfile="/home/virtual/napierar/tmp/Cpanel_Form_file.upload.7088026940557423">
    <progress bytes="131072" bps="121362.96"></progress>
    <progress bytes="196608" bps="117028.57"></progress>
    <progress bytes="262144" bps="119156.36"></progress>
    <progress bytes="327680" bps="114975.44"></progress>
    <progress bytes="393216" bps="117028.57"></progress>
    <progress bytes="458752" bps="117028.57"></progress>
    <progress bytes="524288" bps="119156.36"></progress>
    <progress bytes="589824" bps="117028.57"></progress>
    <progress bytes="655360" bps="117028.57"></progress>
    <progress bytes="720896" bps="117028.57"></progress>
    <progress bytes="786432" bps="117028.57"></progress>
    <progress bytes="851968" bps="119156.36"></progress>
    <progress bytes="917504" bps="114975.44"></progress>
    <progress bytes="983040" bps="114975.44"></progress>
    <progress bytes="1048576" bps="121362.96"></progress>
    <progress bytes="1114112" bps="117028.57"></progress>
    <progress bytes="1179648" bps="119156.36"></progress>
    <progress bytes="1245184" bps="117028.57"></progress>
    <progress bytes="1310720" bps="119156.36"></progress>
    <progress bytes="1376256" bps="117028.57"></progress>
    <progress bytes="1441792" bps="119156.36"></progress>
    <progress bytes="1507328" bps="117028.57"></progress>
    <progress bytes="1572864" bps="114975.44"></progress>
    <progress bytes="1638400" bps="121362.96"></progress>
    <progress bytes="1703936" bps="117028.57"></progress>
    <progress bytes="1769472" bps="114975.44"></progress>
    <progress bytes="1835008" bps="119156.36"></progress>
    <progress bytes="1900544" bps="119156.36"></progress>
    <progress bytes="1966080" bps="119156.36"></progress>
    <progress bytes="2031616" bps="112993.10"></progress>
    <progress bytes="2097152" bps="123652.83"></progress>
    <progress bytes="2162688" bps="114975.44"></progress>
    <progress bytes="2228224" bps="121362.96"></progress>
    <progress bytes="2293760" bps="117028.57"></progress>
    <progress bytes="2359296" bps="117028.57"></progress>
    <progress bytes="2424832" bps="117028.57"></progress>
    <progress bytes="2490368" bps="117028.57"></progress>
    <progress bytes="2555904" bps="121362.96"></progress>
    <progress bytes="2621440" bps="119156.36"></progress>
    <progress bytes="2686976" bps="114975.44"></progress>
    <progress bytes="2752512" bps="119156.36"></progress>
    <progress bytes="2818048" bps="114975.44"></progress>
    <progress bytes="2883584" bps="119156.36"></progress>
    <progress bytes="2949120" bps="117028.57"></progress>
    <progress bytes="3014656" bps="117028.57"></progress>
    <progress bytes="3080192" bps="117028.57"></progress>
    <progress bytes="3145728" bps="121362.96"></progress>
    <progress bytes="3211264" bps="114975.44"></progress>
    <progress bytes="3276800" bps="114975.44"></progress>
    <progress bytes="3342336" bps="117028.57"></progress>
    <progress bytes="3407872" bps="119156.36"></progress>
    <progress bytes="3473408" bps="119156.36"></progress>
    <progress bytes="3538944" bps="114975.44"></progress>
    <progress bytes="3604480" bps="117028.57"></progress>
    <progress bytes="3670016" bps="117028.57"></progress>
    <progress bytes="3735552" bps="119156.36"></progress>
    <progress bytes="3801088" bps="117028.57"></progress>
    <progress bytes="3866624" bps="114975.44"></progress>
    <progress bytes="3932160" bps="121362.96"></progress>
    <progress bytes="3997696" bps="117028.57"></progress>
    <progress bytes="4063232" bps="114975.44"></progress>
    <progress bytes="4128768" bps="117028.57"></progress>
    <progress bytes="4194304" bps="117028.57"></progress>
    <progress bytes="4259840" bps="119156.36"></progress>
    <progress bytes="4325376" bps="119156.36"></progress>
    <progress bytes="4390912" bps="119156.36"></progress>
    <progress bytes="4456448" bps="117028.57"></progress>
    <progress bytes="4521984" bps="114975.44"></progress>
    <progress bytes="4587520" bps="121362.96"></progress>
    <progress bytes="4653056" bps="117028.57"></progress>
    <progress bytes="4718592" bps="119156.36"></progress>
    <progress bytes="4784128" bps="114975.44"></progress>
    <progress bytes="4849664" bps="117028.57"></progress>
    <progress bytes="4915200" bps="119156.36"></progress>
    <progress bytes="4980736" bps="114975.44"></progress>
    <progress bytes="5046272" bps="117028.57"></progress>
    <progress bytes="5111808" bps="121362.96"></progress>
    <progress bytes="5177344" bps="117028.57"></progress>
    <progress bytes="5242880" bps="114975.44"></progress>
    <progress bytes="5308416" bps="123652.83"></progress>
    <progress bytes="5373952" bps="111077.97"></progress>
    <progress bytes="5439488" bps="123652.83"></progress>
    <progress bytes="5505024" bps="55072.27"></progress>
    <progress bytes="5570560" bps="119156.36"></progress>
    <progress bytes="5636096" bps="117028.57"></progress>
    <progress bytes="5701632" bps="117028.57"></progress>
    <progress bytes="5767168" bps="117028.57"></progress>
    <progress bytes="5832704" bps="119156.36"></progress>
    <progress bytes="5898240" bps="117028.57"></progress>
    <progress bytes="5963776" bps="119156.36"></progress>
    <progress bytes="6029312" bps="117028.57"></progress>
    <progress bytes="6094848" bps="119156.36"></progress>
    <progress bytes="6160384" bps="114975.44"></progress>
    <progress bytes="6225920" bps="117028.57"></progress>
    <progress bytes="6291456" bps="119156.36"></progress>
    <progress bytes="6356992" bps="117028.57"></progress>
    <progress bytes="6422528" bps="117028.57"></progress>
    <progress bytes="6488064" bps="119156.36"></progress>
    <progress bytes="6553600" bps="114975.44"></progress>
    <progress bytes="6619136" bps="112993.10"></progress>
    <progress bytes="6684672" bps="121362.96"></progress>
    <progress bytes="6750208" bps="119156.36"></progress>
    <progress bytes="6815744" bps="119156.36"></progress>
    <progress bytes="6881280" bps="114975.44"></progress>
    <progress bytes="6946816" bps="114975.44"></progress>
    <progress bytes="7012352" bps="119156.36"></progress>
    <progress bytes="7077888" bps="119156.36"></progress>
    <progress bytes="7143424" bps="117028.57"></progress>
    <progress bytes="7208960" bps="119156.36"></progress>
    <progress bytes="7274496" bps="117028.57"></progress>
    <progress bytes="7340032" bps="119156.36"></progress>
    <progress bytes="7405568" bps="117028.57"></progress>
    <progress bytes="7471104" bps="117028.57"></progress>
    <progress bytes="7536640" bps="117028.57"></progress>
    <progress bytes="7602176" bps="60681.48"></progress>
    <progress bytes="7667712" bps="119156.36"></progress>
    <progress bytes="7733248" bps="119156.36"></progress>
    <progress bytes="7798784" bps="114975.44"></progress>
    <progress bytes="7864320" bps="119156.36"></progress>
    <progress bytes="7929856" bps="117028.57"></progress>
    <progress bytes="7995392" bps="119156.36"></progress>
    <progress bytes="8060928" bps="117028.57"></progress>
    <progress bytes="8126464" bps="117028.57"></progress>
    <progress bytes="8192000" bps="117028.57"></progress>
    <progress bytes="8257536" bps="117028.57"></progress>
    <progress bytes="8323072" bps="114975.44"></progress>
    <progress bytes="8388608" bps="119156.36"></progress>
    <progress bytes="8454144" bps="119156.36"></progress>
    <progress bytes="8519680" bps="114975.44"></progress>
    <progress bytes="8585216" bps="121362.96"></progress>
    <progress bytes="8650752" bps="112993.10"></progress>
    <progress bytes="8716288" bps="114975.44"></progress>
    <progress bytes="8781824" bps="112993.10"></progress>
    <progress bytes="8847360" bps="119156.36"></progress>
    <progress bytes="8912896" bps="117028.57"></progress>
    <progress bytes="8978432" bps="117028.57"></progress>
    <progress bytes="9043968" bps="112993.10"></progress>
    <progress bytes="9109504" bps="117028.57"></progress>
    <progress bytes="9175040" bps="117028.57"></progress>
    <progress bytes="9240576" bps="117028.57"></progress>
    <progress bytes="9306112" bps="119156.36"></progress>
    <progress bytes="9371648" bps="117028.57"></progress>
    <progress bytes="9437184" bps="112993.10"></progress>
    <progress bytes="9502720" bps="117028.57"></progress>
    <progress bytes="9568256" bps="24545.32"></progress>
    <progress bytes="9633792" bps="117028.57"></progress>
    <progress bytes="9699328" bps="121362.96"></progress>
    <progress bytes="9764864" bps="117028.57"></progress>
    <progress bytes="9830400" bps="117028.57"></progress>
    <progress bytes="9895936" bps="117028.57"></progress>
    <progress bytes="9961472" bps="117028.57"></progress>
    <progress bytes="10027008" bps="114975.44"></progress>
    <progress bytes="10092544" bps="117028.57"></progress>
    <progress bytes="10158080" bps="117028.57"></progress>
    <progress bytes="10223616" bps="114975.44"></progress>
    <progress bytes="10289152" bps="117028.57"></progress>
    <progress bytes="10354688" bps="119156.36"></progress>
    <progress bytes="10420224" bps="112993.10"></progress>
    <progress bytes="10485760" bps="114975.44"></progress>
    <progress bytes="10551296" bps="123652.83"></progress>
    <progress bytes="10616832" bps="114975.44"></progress>
    <progress bytes="10682368" bps="117028.57"></progress>
    <progress bytes="10747904" bps="121362.96"></progress>
    <progress bytes="10813440" bps="112993.10"></progress>
    <progress bytes="10878976" bps="119156.36"></progress>
    <progress bytes="10944512" bps="112993.10"></progress>
    <progress bytes="11010048" bps="119156.36"></progress>
    <progress bytes="11075584" bps="119156.36"></progress>
    <progress bytes="11141120" bps="119156.36"></progress>
    <progress bytes="11206656" bps="117028.57"></progress>
    <progress bytes="11272192" bps="112993.10"></progress>
    <progress bytes="11337728" bps="121362.96"></progress>
    <progress bytes="11403264" bps="112993.10"></progress>
    <progress bytes="11468800" bps="117028.57"></progress>
    <progress bytes="11534336" bps="121362.96"></progress>
    <progress bytes="11599872" bps="114975.44"></progress>
    <progress bytes="11665408" bps="117028.57"></progress>
    <progress bytes="11730944" bps="112993.10"></progress>
    <progress bytes="11796480" bps="121362.96"></progress>
    <progress bytes="11862016" bps="100824.62"></progress>
    <progress bytes="11927552" bps="121362.96"></progress>
    <progress bytes="11993088" bps="111077.97"></progress>
    <progress bytes="12058624" bps="109226.67"></progress>
    <progress bytes="12124160" bps="105703.23"></progress>
    <progress bytes="12189696" bps="104025.40"></progress>
    <progress bytes="12255232" bps="59578.18"></progress>
    <progress bytes="12320768" bps="49648.48"></progress>
    <progress bytes="12386304" bps="97814.93"></progress>
    <progress bytes="12451840" bps="57487.72"></progress>
    <progress bytes="12517376" bps="87381.33"></progress>
    <progress bytes="12582912" bps="71234.78"></progress>
    <progress bytes="12648448" bps="52851.61"></progress>
    <progress bytes="12713984" bps="85111.69"></progress>
    <progress bytes="12779520" bps="93622.86"></progress>
    <progress bytes="12845056" bps="72817.78"></progress>
    <progress bytes="12910592" bps="89775.34"></progress>
    <progress bytes="12976128" bps="82956.96"></progress>
    <progress bytes="13041664" bps="82956.96"></progress>
    <progress bytes="13107200" bps="67562.89"></progress>
    <progress bytes="13172736" bps="81920.00"></progress>
    <progress bytes="13238272" bps="81920.00"></progress>
    <progress bytes="13303808" bps="76204.65"></progress>
    <progress bytes="13369344" bps="68266.67"></progress>
    <progress bytes="13434880" bps="34492.63"></progress>
    <progress bytes="13500416" bps="52428.80"></progress>
    <progress bytes="13565952" bps="52012.70"></progress>
    <progress bytes="13631488" bps="59578.18"></progress>
    <progress bytes="13697024" bps="54613.33"></progress>
    <progress bytes="13762560" bps="49275.19"></progress>
    <progress bytes="13828096" bps="65536.00"></progress>
    <progress bytes="13893632" bps="64887.13"></progress>
    <progress bytes="13959168" bps="63015.38"></progress>
    <progress bytes="14024704" bps="52851.61"></progress>
    <progress bytes="14090240" bps="59578.18"></progress>
    <progress bytes="14155776" bps="57996.46"></progress>
    <progress bytes="14221312" bps="57996.46"></progress>
    <progress bytes="14286848" bps="62415.24"></progress>
    <progress bytes="14352384" bps="54613.33"></progress>
    <progress bytes="14417920" bps="63627.18"></progress>
    <progress bytes="14483456" bps="54613.33"></progress>
    <progress bytes="14548992" bps="40705.59"></progress>
    <progress bytes="14614528" bps="104025.40"></progress>
    <progress bytes="14680064" bps="63015.38"></progress>
    <progress bytes="14745600" bps="57487.72"></progress>
    <progress bytes="14811136" bps="60124.77"></progress>
    <progress bytes="14876672" bps="57996.46"></progress>
    <progress bytes="14942208" bps="69719.15"></progress>
    <progress bytes="15007744" bps="56987.83"></progress>
    <progress bytes="15073280" bps="53281.30"></progress>
    <progress bytes="15138816" bps="67562.89"></progress>
    <progress bytes="15204352" bps="60681.48"></progress>
    <progress bytes="15269888" bps="53718.03"></progress>
    <progress bytes="15335424" bps="67562.89"></progress>
    <progress bytes="15400960" bps="63627.18"></progress>
    <progress bytes="15466496" bps="38778.70"></progress>
    <progress bytes="15532032" bps="142469.57"></progress>
    <progress bytes="15663104" bps="61536.15"></progress>
    <progress bytes="15728640" bps="60681.48"></progress>
    <progress bytes="15794176" bps="59578.18"></progress>
    <progress bytes="15859712" bps="54613.33"></progress>
    <progress bytes="15925248" bps="53718.03"></progress>
    <progress bytes="15990784" bps="68266.67"></progress>
    <progress bytes="16056320" bps="63015.38"></progress>
    <progress bytes="16121856" bps="53281.30"></progress>
    <progress bytes="16187392" bps="67562.89"></progress>
    <progress bytes="16252928" bps="62415.24"></progress>
    <progress bytes="16318464" bps="47836.50"></progress>
    <progress bytes="16384000" bps="67562.89"></progress>
    <progress bytes="16449536" bps="97814.93"></progress>
    <progress bytes="16515072" bps="85111.69"></progress>
    <progress bytes="16580608" bps="81920.00"></progress>
    <progress bytes="16646144" bps="81920.00"></progress>
    <progress bytes="16711680" bps="79921.95"></progress>
    <progress bytes="16777216" bps="58514.29"></progress>
    <progress bytes="16842752" bps="79921.95"></progress>
    <progress bytes="16908288" bps="48907.46"></progress>
    <progress bytes="16973824" bps="37664.37"></progress>
    <progress bytes="17039360" bps="43401.32"></progress>
    <progress bytes="17104896" bps="69719.15"></progress>
    <progress bytes="17170432" bps="46479.43"></progress>
    <progress bytes="17235968" bps="45511.11"></progress>
    <progress bytes="17301504" bps="63627.18"></progress>
    <progress bytes="17367040" bps="43401.32"></progress>
    <progress bytes="17432576" bps="62415.24"></progress>
    <progress bytes="17498112" bps="46152.11"></progress>
    <progress bytes="17563648" bps="66197.98"></progress>
    <progress bytes="17629184" bps="100824.62"></progress>
    <progress bytes="17694720" bps="92304.23"></progress>
    <progress bytes="17760256" bps="60124.77"></progress>
    <progress bytes="17825792" bps="76204.65"></progress>
    <progress bytes="17891328" bps="75328.74"></progress>
    <progress bytes="17956864" bps="74472.73"></progress>
    <progress bytes="18022400" bps="77101.18"></progress>
    <progress bytes="18087936" bps="74472.73"></progress>
    <progress bytes="18153472" bps="72017.58"></progress>
    <progress bytes="18219008" bps="71234.78"></progress>
    <progress bytes="18284544" bps="54613.33"></progress>
    <progress bytes="18350080" bps="53281.30"></progress>
    <progress bytes="18415616" bps="63015.38"></progress>
    <progress bytes="18481152" bps="63627.18"></progress>
    <progress bytes="18546688" bps="72817.78"></progress>
    <progress bytes="18612224" bps="56987.83"></progress>
    <progress bytes="18677760" bps="72817.78"></progress>
    <progress bytes="18743296" bps="55538.98"></progress>
    <progress bytes="18808832" bps="69719.15"></progress>
    <progress bytes="18874368" bps="68266.67"></progress>
    <progress bytes="18939904" bps="51603.15"></progress>
    <progress bytes="19005440" bps="67562.89"></progress>
    <progress bytes="19070976" bps="66873.47"></progress>
    <progress bytes="19136512" bps="66197.98"></progress>
    <progress bytes="19202048" bps="64887.13"></progress>
    <progress bytes="19267584" bps="59578.18"></progress>
    <progress bytes="19333120" bps="54613.33"></progress>
    <progress bytes="19398656" bps="63627.18"></progress>
    <progress bytes="19464192" bps="45197.24"></progress>
    <progress bytes="19529728" bps="55538.98"></progress>
    <progress bytes="19595264" bps="59041.44"></progress>
    <progress bytes="19660800" bps="56987.83"></progress>
    <progress bytes="19726336" bps="56987.83"></progress>
    <progress bytes="19791872" bps="63627.18"></progress>
    <progress bytes="19857408" bps="56496.55"></progress>
    <progress bytes="19922944" bps="63627.18"></progress>
    <progress bytes="19988480" bps="53281.30"></progress>
    <progress bytes="20054016" bps="60124.77"></progress>
    <progress bytes="20119552" bps="63627.18"></progress>
    <progress bytes="20185088" bps="63015.38"></progress>
    <progress bytes="20250624" bps="60124.77"></progress>
    <progress bytes="20316160" bps="52012.70"></progress>
    <progress bytes="20381696" bps="54161.98"></progress>
    <progress bytes="20447232" bps="71234.78"></progress>
    <progress bytes="20512768" bps="55072.27"></progress>
    <progress bytes="20578304" bps="57487.72"></progress>
    <progress bytes="20643840" bps="59041.44"></progress>
    <progress bytes="20709376" bps="22520.96"></progress>
    <progress bytes="20774912" bps="43983.89"></progress>
    <progress bytes="20840448" bps="33436.73"></progress>
    <progress bytes="20905984" bps="69719.15"></progress>
    <progress bytes="20971520" bps="33608.21"></progress>
    <progress bytes="21037056" bps="112993.10"></progress>
    <progress bytes="21102592" bps="46811.43"></progress>
    <progress bytes="21168128" bps="47836.50"></progress>
    <progress bytes="21233664" bps="49275.19"></progress>
    <progress bytes="21299200" bps="51603.15"></progress>
    <progress bytes="21364736" bps="50803.10"></progress>
    <progress bytes="21430272" bps="50412.31"></progress>
    <progress bytes="21495808" bps="52428.80"></progress>
    <progress bytes="21561344" bps="51200.00"></progress>
    <progress bytes="21626880" bps="55538.98"></progress>
    <progress bytes="21692416" bps="76204.65"></progress>
    <progress bytes="21757952" bps="58514.29"></progress>
    <progress bytes="21823488" bps="61826.42"></progress>
    <progress bytes="21889024" bps="56013.68"></progress>
    <progress bytes="21954560" bps="53281.30"></progress>
    <progress bytes="22020096" bps="69719.15"></progress>
    <progress bytes="22085632" bps="43690.67"></progress>
    <progress bytes="22151168" bps="47836.50"></progress>
    <progress bytes="22216704" bps="49275.19"></progress>
    <progress bytes="22282240" bps="61248.60"></progress>
    <progress bytes="22347776" bps="49648.48"></progress>
    <progress bytes="22413312" bps="60124.77"></progress>
    <progress bytes="22478848" bps="37236.36"></progress>
    <progress bytes="22544384" bps="133746.94"></progress>
    <progress bytes="22675456" bps="57487.72"></progress>
    <progress bytes="22740992" bps="57996.46"></progress>
    <progress bytes="22806528" bps="56013.68"></progress>
    <progress bytes="22872064" bps="63627.18"></progress>
    <progress bytes="22937600" bps="56496.55"></progress>
    <progress bytes="23003136" bps="54613.33"></progress>
    <progress bytes="23068672" bps="60124.77"></progress>
    <progress bytes="23134208" bps="54613.33"></progress>
    <progress bytes="23199744" bps="73635.96"></progress>
    <progress bytes="23265280" bps="67562.89"></progress>
    <progress bytes="23330816" bps="85111.69"></progress>
    <progress bytes="23396352" bps="84020.51"></progress>
    <progress bytes="23461888" bps="64887.13"></progress>
    <progress bytes="23527424" bps="78959.04"></progress>
    <progress bytes="23592960" bps="77101.18"></progress>
    <progress bytes="23658496" bps="78959.04"></progress>
    <progress bytes="23724032" bps="29925.11"></progress>
    <progress bytes="23789568" bps="148945.45"></progress>
    <progress bytes="23920640" bps="50803.10"></progress>
    <progress bytes="23986176" bps="36817.98"></progress>
    <progress bytes="24051712" bps="38102.33"></progress>
    <progress bytes="24117248" bps="43115.79"></progress>
    <progress bytes="24182784" bps="32604.98"></progress>
    <progress bytes="24248320" bps="42010.26"></progress>
    <progress bytes="24313856" bps="79921.95"></progress>
    <progress bytes="24379392" bps="68266.67"></progress>
    <progress bytes="24444928" bps="72817.78"></progress>
    <progress bytes="24510464" bps="57996.46"></progress>
    <progress bytes="24576000" bps="68266.67"></progress>
    <progress bytes="24641536" bps="59041.44"></progress>
    <progress bytes="24707072" bps="68266.67"></progress>
    <progress bytes="24772608" bps="47489.86"></progress>
    <progress bytes="24838144" bps="81920.00"></progress>
    <progress bytes="24903680" bps="96376.47"></progress>
    <progress bytes="24969216" bps="82956.96"></progress>
    <progress bytes="25034752" bps="82956.96"></progress>
    <progress bytes="25100288" bps="82956.96"></progress>
    <progress bytes="25165824" bps="86231.58"></progress>
    <progress bytes="25231360" bps="80908.64"></progress>
    <progress bytes="25296896" bps="46811.43"></progress>
    <progress bytes="25362432" bps="121362.96"></progress>
    <progress bytes="25427968" bps="74472.73"></progress>
    <progress bytes="25493504" bps="68985.26"></progress>
    <progress bytes="25559040" bps="68266.67"></progress>
    <progress bytes="25624576" bps="68266.67"></progress>
    <progress bytes="25690112" bps="60124.77"></progress>
    <progress bytes="25755648" bps="75328.74"></progress>
    <progress bytes="25821184" bps="72817.78"></progress>
    <progress bytes="25886720" bps="60124.77"></progress>
    <progress bytes="25952256" bps="72817.78"></progress>
    <progress bytes="26017792" bps="49275.19"></progress>
    <progress bytes="26083328" bps="56496.55"></progress>
    <progress bytes="26148864" bps="65536.00"></progress>
    <progress bytes="26214400" bps="63627.18"></progress>
    <progress bytes="26279936" bps="61248.60"></progress>
    <progress bytes="26345472" bps="72817.78"></progress>
    <progress bytes="26411008" bps="59041.44"></progress>
    <progress bytes="26476544" bps="59578.18"></progress>
    <progress bytes="26542080" bps="56987.83"></progress>
    <progress bytes="26607616" bps="50412.31"></progress>
    <progress bytes="26673152" bps="53718.03"></progress>
    <progress bytes="26738688" bps="67562.89"></progress>
    <progress bytes="26804224" bps="64887.13"></progress>
    <progress bytes="26869760" bps="46152.11"></progress>
    <progress bytes="26935296" bps="69719.15"></progress>
    <progress bytes="27000832" bps="66197.98"></progress>
    <progress bytes="27066368" bps="60681.48"></progress>
    <progress bytes="27131904" bps="47148.20"></progress>
    <progress bytes="27197440" bps="76204.65"></progress>
    <progress bytes="27262976" bps="52428.80"></progress>
    <progress bytes="27328512" bps="58514.29"></progress>
    <progress bytes="27394048" bps="63015.38"></progress>
    <progress bytes="27459584" bps="43115.79"></progress>
    <progress bytes="27521071" bps="64048.96"></progress>
    <progress filesize="27521069" complete="1"></progress>
  </file>
</fileupload>
