<fileupload size="13958488">
  <file name="gallery.zip" tmpfile="/home/virtual/napierar/tmp/Cpanel_Form_file.upload.0560845827354937">
    <progress bytes="131072" bps="121362.96"></progress>
    <progress bytes="196608" bps="117028.57"></progress>
    <progress bytes="262144" bps="119156.36"></progress>
    <progress bytes="327680" bps="97814.93"></progress>
    <progress bytes="393216" bps="114975.44"></progress>
    <progress bytes="458752" bps="117028.57"></progress>
    <progress bytes="524288" bps="117028.57"></progress>
    <progress bytes="589824" bps="117028.57"></progress>
    <progress bytes="655360" bps="117028.57"></progress>
    <progress bytes="720896" bps="117028.57"></progress>
    <progress bytes="786432" bps="112993.10"></progress>
    <progress bytes="851968" bps="119156.36"></progress>
    <progress bytes="917504" bps="114975.44"></progress>
    <progress bytes="983040" bps="119156.36"></progress>
    <progress bytes="1048576" bps="112993.10"></progress>
    <progress bytes="1114112" bps="117028.57"></progress>
    <progress bytes="1179648" bps="114975.44"></progress>
    <progress bytes="1245184" bps="117028.57"></progress>
    <progress bytes="1310720" bps="119156.36"></progress>
    <progress bytes="1376256" bps="64250.98"></progress>
    <progress bytes="1441792" bps="119156.36"></progress>
    <progress bytes="1507328" bps="69719.15"></progress>
    <progress bytes="1572864" bps="133746.94"></progress>
    <progress bytes="1703936" bps="118082.88"></progress>
    <progress bytes="1769472" bps="114975.44"></progress>
    <progress bytes="1835008" bps="119156.36"></progress>
    <progress bytes="1900544" bps="117028.57"></progress>
    <progress bytes="1966080" bps="117028.57"></progress>
    <progress bytes="2031616" bps="117028.57"></progress>
    <progress bytes="2097152" bps="119156.36"></progress>
    <progress bytes="2162688" bps="114975.44"></progress>
    <progress bytes="2228224" bps="117028.57"></progress>
    <progress bytes="2293760" bps="117028.57"></progress>
    <progress bytes="2359296" bps="119156.36"></progress>
    <progress bytes="2424832" bps="117028.57"></progress>
    <progress bytes="2490368" bps="121362.96"></progress>
    <progress bytes="2555904" bps="111077.97"></progress>
    <progress bytes="2621440" bps="117028.57"></progress>
    <progress bytes="2686976" bps="117028.57"></progress>
    <progress bytes="2752512" bps="117028.57"></progress>
    <progress bytes="2818048" bps="117028.57"></progress>
    <progress bytes="2883584" bps="121362.96"></progress>
    <progress bytes="2949120" bps="117028.57"></progress>
    <progress bytes="3014656" bps="117028.57"></progress>
    <progress bytes="3080192" bps="114975.44"></progress>
    <progress bytes="3145728" bps="117028.57"></progress>
    <progress bytes="3211264" bps="121362.96"></progress>
    <progress bytes="3276800" bps="117028.57"></progress>
    <progress bytes="3342336" bps="114975.44"></progress>
    <progress bytes="3407872" bps="121362.96"></progress>
    <progress bytes="3473408" bps="59041.44"></progress>
    <progress bytes="3538944" bps="119156.36"></progress>
    <progress bytes="3604480" bps="117028.57"></progress>
    <progress bytes="3670016" bps="117028.57"></progress>
    <progress bytes="3735552" bps="117028.57"></progress>
    <progress bytes="3801088" bps="114975.44"></progress>
    <progress bytes="3866624" bps="112993.10"></progress>
    <progress bytes="3932160" bps="117028.57"></progress>
    <progress bytes="3997696" bps="114975.44"></progress>
    <progress bytes="4063232" bps="114975.44"></progress>
    <progress bytes="4128768" bps="119156.36"></progress>
    <progress bytes="4194304" bps="114975.44"></progress>
    <progress bytes="4259840" bps="112993.10"></progress>
    <progress bytes="4325376" bps="114975.44"></progress>
    <progress bytes="4390912" bps="114975.44"></progress>
    <progress bytes="4456448" bps="117028.57"></progress>
    <progress bytes="4521984" bps="114975.44"></progress>
    <progress bytes="4587520" bps="114975.44"></progress>
    <progress bytes="4653056" bps="111077.97"></progress>
    <progress bytes="4718592" bps="36612.29"></progress>
    <progress bytes="4784128" bps="107436.07"></progress>
    <progress bytes="4849664" bps="109226.67"></progress>
    <progress bytes="4915200" bps="109226.67"></progress>
    <progress bytes="4980736" bps="107436.07"></progress>
    <progress bytes="5046272" bps="109226.67"></progress>
    <progress bytes="5111808" bps="111077.97"></progress>
    <progress bytes="5177344" bps="105703.23"></progress>
    <progress bytes="5242880" bps="107436.07"></progress>
    <progress bytes="5308416" bps="107436.07"></progress>
    <progress bytes="5373952" bps="107436.07"></progress>
    <progress bytes="5439488" bps="105703.23"></progress>
    <progress bytes="5505024" bps="107436.07"></progress>
    <progress bytes="5570560" bps="105703.23"></progress>
    <progress bytes="5636096" bps="105703.23"></progress>
    <progress bytes="5701632" bps="107436.07"></progress>
    <progress bytes="5767168" bps="117028.57"></progress>
    <progress bytes="5832704" bps="119156.36"></progress>
    <progress bytes="5898240" bps="114975.44"></progress>
    <progress bytes="5963776" bps="117028.57"></progress>
    <progress bytes="6029312" bps="119156.36"></progress>
    <progress bytes="6094848" bps="112993.10"></progress>
    <progress bytes="6160384" bps="119156.36"></progress>
    <progress bytes="6225920" bps="119156.36"></progress>
    <progress bytes="6291456" bps="114975.44"></progress>
    <progress bytes="6356992" bps="119156.36"></progress>
    <progress bytes="6422528" bps="112993.10"></progress>
    <progress bytes="6488064" bps="114975.44"></progress>
    <progress bytes="6553600" bps="119156.36"></progress>
    <progress bytes="6619136" bps="50027.48"></progress>
    <progress bytes="6684672" bps="119156.36"></progress>
    <progress bytes="6750208" bps="117028.57"></progress>
    <progress bytes="6815744" bps="112993.10"></progress>
    <progress bytes="6881280" bps="119156.36"></progress>
    <progress bytes="6946816" bps="117028.57"></progress>
    <progress bytes="7012352" bps="119156.36"></progress>
    <progress bytes="7077888" bps="117028.57"></progress>
    <progress bytes="7143424" bps="117028.57"></progress>
    <progress bytes="7208960" bps="112993.10"></progress>
    <progress bytes="7274496" bps="117028.57"></progress>
    <progress bytes="7340032" bps="119156.36"></progress>
    <progress bytes="7405568" bps="117028.57"></progress>
    <progress bytes="7471104" bps="114975.44"></progress>
    <progress bytes="7536640" bps="121362.96"></progress>
    <progress bytes="7602176" bps="112993.10"></progress>
    <progress bytes="7667712" bps="117028.57"></progress>
    <progress bytes="7733248" bps="121362.96"></progress>
    <progress bytes="7798784" bps="114975.44"></progress>
    <progress bytes="7864320" bps="119156.36"></progress>
    <progress bytes="7929856" bps="117028.57"></progress>
    <progress bytes="7995392" bps="114975.44"></progress>
    <progress bytes="8060928" bps="114975.44"></progress>
    <progress bytes="8126464" bps="119156.36"></progress>
    <progress bytes="8192000" bps="117028.57"></progress>
    <progress bytes="8257536" bps="117028.57"></progress>
    <progress bytes="8323072" bps="119156.36"></progress>
    <progress bytes="8388608" bps="117028.57"></progress>
    <progress bytes="8454144" bps="119156.36"></progress>
    <progress bytes="8519680" bps="114975.44"></progress>
    <progress bytes="8585216" bps="117028.57"></progress>
    <progress bytes="8650752" bps="121362.96"></progress>
    <progress bytes="8716288" bps="112993.10"></progress>
    <progress bytes="8781824" bps="119156.36"></progress>
    <progress bytes="8847360" bps="121362.96"></progress>
    <progress bytes="8912896" bps="114975.44"></progress>
    <progress bytes="8978432" bps="114975.44"></progress>
    <progress bytes="9043968" bps="117028.57"></progress>
    <progress bytes="9109504" bps="114975.44"></progress>
    <progress bytes="9175040" bps="117028.57"></progress>
    <progress bytes="9240576" bps="117028.57"></progress>
    <progress bytes="9306112" bps="117028.57"></progress>
    <progress bytes="9371648" bps="114975.44"></progress>
    <progress bytes="9437184" bps="117028.57"></progress>
    <progress bytes="9502720" bps="119156.36"></progress>
    <progress bytes="9568256" bps="119156.36"></progress>
    <progress bytes="9633792" bps="114975.44"></progress>
    <progress bytes="9699328" bps="119156.36"></progress>
    <progress bytes="9764864" bps="56987.83"></progress>
    <progress bytes="9830400" bps="119156.36"></progress>
    <progress bytes="9895936" bps="117028.57"></progress>
    <progress bytes="9961472" bps="119156.36"></progress>
    <progress bytes="10027008" bps="119156.36"></progress>
    <progress bytes="10092544" bps="117028.57"></progress>
    <progress bytes="10158080" bps="119156.36"></progress>
    <progress bytes="10223616" bps="114975.44"></progress>
    <progress bytes="10289152" bps="114975.44"></progress>
    <progress bytes="10354688" bps="114975.44"></progress>
    <progress bytes="10420224" bps="117028.57"></progress>
    <progress bytes="10485760" bps="121362.96"></progress>
    <progress bytes="10551296" bps="114975.44"></progress>
    <progress bytes="10616832" bps="119156.36"></progress>
    <progress bytes="10682368" bps="111077.97"></progress>
    <progress bytes="10747904" bps="117028.57"></progress>
    <progress bytes="10813440" bps="121362.96"></progress>
    <progress bytes="10878976" bps="112993.10"></progress>
    <progress bytes="10944512" bps="121362.96"></progress>
    <progress bytes="11010048" bps="114975.44"></progress>
    <progress bytes="11075584" bps="117028.57"></progress>
    <progress bytes="11141120" bps="117028.57"></progress>
    <progress bytes="11206656" bps="117028.57"></progress>
    <progress bytes="11272192" bps="117028.57"></progress>
    <progress bytes="11337728" bps="119156.36"></progress>
    <progress bytes="11403264" bps="119156.36"></progress>
    <progress bytes="11468800" bps="114975.44"></progress>
    <progress bytes="11534336" bps="114975.44"></progress>
    <progress bytes="11599872" bps="117028.57"></progress>
    <progress bytes="11665408" bps="119156.36"></progress>
    <progress bytes="11730944" bps="114975.44"></progress>
    <progress bytes="11796480" bps="121362.96"></progress>
    <progress bytes="11862016" bps="114975.44"></progress>
    <progress bytes="11927552" bps="114975.44"></progress>
    <progress bytes="11993088" bps="119156.36"></progress>
    <progress bytes="12058624" bps="114975.44"></progress>
    <progress bytes="12124160" bps="121362.96"></progress>
    <progress bytes="12189696" bps="114975.44"></progress>
    <progress bytes="12255232" bps="117028.57"></progress>
    <progress bytes="12320768" bps="117028.57"></progress>
    <progress bytes="12386304" bps="114975.44"></progress>
    <progress bytes="12451840" bps="117028.57"></progress>
    <progress bytes="12517376" bps="77101.18"></progress>
    <progress bytes="12582912" bps="117028.57"></progress>
    <progress bytes="12648448" bps="117028.57"></progress>
    <progress bytes="12713984" bps="119156.36"></progress>
    <progress bytes="12779520" bps="114975.44"></progress>
    <progress bytes="12845056" bps="119156.36"></progress>
    <progress bytes="12910592" bps="117028.57"></progress>
    <progress bytes="12976128" bps="117028.57"></progress>
    <progress bytes="13041664" bps="117028.57"></progress>
    <progress bytes="13107200" bps="117028.57"></progress>
    <progress bytes="13172736" bps="111077.97"></progress>
    <progress bytes="13238272" bps="119156.36"></progress>
    <progress bytes="13303808" bps="114975.44"></progress>
    <progress bytes="13369344" bps="117028.57"></progress>
    <progress bytes="13434880" bps="117028.57"></progress>
    <progress bytes="13500416" bps="119156.36"></progress>
    <progress bytes="13565952" bps="119156.36"></progress>
    <progress bytes="13631488" bps="114975.44"></progress>
    <progress bytes="13697024" bps="114975.44"></progress>
    <progress bytes="13762560" bps="119156.36"></progress>
    <progress bytes="13828096" bps="114975.44"></progress>
    <progress bytes="13893632" bps="117028.57"></progress>
    <progress bytes="13957386" bps="118062.96"></progress>
    <progress filesize="13957384" complete="1"></progress>
  </file>
</fileupload>
